----------------------------------------------------------------
Sat Sep 03 16:16:09 BST 2016:
Booting Derby version The Apache Software Foundation - Apache Derby - 10.11.1.1 - (1616546): instance a816c00e-0156-f09f-06c9-00000a64dce0 
on database directory memory:C:\code\tader\TestUtils2 with class loader sun.misc.Launcher$AppClassLoader@7852e922 
Loaded from file:/C:/Users/Lance/.gradle/caches/modules-2/files-2.1/org.apache.derby/derby/10.11.1.1/df4b50061e8e4c348ce243b921f53ee63ba9bbe1/derby-10.11.1.1.jar
java.vendor=Oracle Corporation
java.runtime.version=1.8.0_45-b15
user.dir=C:\code\tader
os.name=Windows 7
os.arch=amd64
os.version=6.1
derby.system.home=null
Database Class Loader started - derby.database.classpath=''
----------------------------------------------------------------
Sat Sep 03 16:16:12 BST 2016:
Booting Derby version The Apache Software Foundation - Apache Derby - 10.11.1.1 - (1616546): instance 9a4840c2-0156-f09f-06c9-00000a64dce0 
on database directory memory:C:\code\tader\TestUtils5 with class loader sun.misc.Launcher$AppClassLoader@7852e922 
Loaded from file:/C:/Users/Lance/.gradle/caches/modules-2/files-2.1/org.apache.derby/derby/10.11.1.1/df4b50061e8e4c348ce243b921f53ee63ba9bbe1/derby-10.11.1.1.jar
java.vendor=Oracle Corporation
java.runtime.version=1.8.0_45-b15
user.dir=C:\code\tader
os.name=Windows 7
os.arch=amd64
os.version=6.1
derby.system.home=null
Database Class Loader started - derby.database.classpath=''
----------------------------------------------------------------
Sat Sep 03 16:16:13 BST 2016:
Booting Derby version The Apache Software Foundation - Apache Derby - 10.11.1.1 - (1616546): instance 9b638174-0156-f09f-06c9-00000a64dce0 
on database directory memory:C:\code\tader\TestUtils8 with class loader sun.misc.Launcher$AppClassLoader@7852e922 
Loaded from file:/C:/Users/Lance/.gradle/caches/modules-2/files-2.1/org.apache.derby/derby/10.11.1.1/df4b50061e8e4c348ce243b921f53ee63ba9bbe1/derby-10.11.1.1.jar
java.vendor=Oracle Corporation
java.runtime.version=1.8.0_45-b15
user.dir=C:\code\tader
os.name=Windows 7
os.arch=amd64
os.version=6.1
derby.system.home=null
Database Class Loader started - derby.database.classpath=''
----------------------------------------------------------------
Sat Sep 03 16:16:14 BST 2016:
Booting Derby version The Apache Software Foundation - Apache Derby - 10.11.1.1 - (1616546): instance 2eac822c-0156-f09f-06c9-00000a64dce0 
on database directory memory:C:\code\tader\TestUtils11 with class loader sun.misc.Launcher$AppClassLoader@7852e922 
Loaded from file:/C:/Users/Lance/.gradle/caches/modules-2/files-2.1/org.apache.derby/derby/10.11.1.1/df4b50061e8e4c348ce243b921f53ee63ba9bbe1/derby-10.11.1.1.jar
java.vendor=Oracle Corporation
java.runtime.version=1.8.0_45-b15
user.dir=C:\code\tader
os.name=Windows 7
os.arch=amd64
os.version=6.1
derby.system.home=null
Database Class Loader started - derby.database.classpath=''
----------------------------------------------------------------
Sat Sep 03 16:16:14 BST 2016:
Booting Derby version The Apache Software Foundation - Apache Derby - 10.11.1.1 - (1616546): instance ba6d02d8-0156-f09f-06c9-00000a64dce0 
on database directory memory:C:\code\tader\TestUtils14 with class loader sun.misc.Launcher$AppClassLoader@7852e922 
Loaded from file:/C:/Users/Lance/.gradle/caches/modules-2/files-2.1/org.apache.derby/derby/10.11.1.1/df4b50061e8e4c348ce243b921f53ee63ba9bbe1/derby-10.11.1.1.jar
java.vendor=Oracle Corporation
java.runtime.version=1.8.0_45-b15
user.dir=C:\code\tader
os.name=Windows 7
os.arch=amd64
os.version=6.1
derby.system.home=null
Database Class Loader started - derby.database.classpath=''
----------------------------------------------------------------
Sat Sep 03 16:16:15 BST 2016:
Booting Derby version The Apache Software Foundation - Apache Derby - 10.11.1.1 - (1616546): instance 63118384-0156-f09f-06c9-00000a64dce0 
on database directory memory:C:\code\tader\TestUtils17 with class loader sun.misc.Launcher$AppClassLoader@7852e922 
Loaded from file:/C:/Users/Lance/.gradle/caches/modules-2/files-2.1/org.apache.derby/derby/10.11.1.1/df4b50061e8e4c348ce243b921f53ee63ba9bbe1/derby-10.11.1.1.jar
java.vendor=Oracle Corporation
java.runtime.version=1.8.0_45-b15
user.dir=C:\code\tader
os.name=Windows 7
os.arch=amd64
os.version=6.1
derby.system.home=null
Database Class Loader started - derby.database.classpath=''
----------------------------------------------------------------
Sat Sep 03 16:16:16 BST 2016:
Booting Derby version The Apache Software Foundation - Apache Derby - 10.11.1.1 - (1616546): instance f86ec44e-0156-f09f-06c9-00000a64dce0 
on database directory memory:C:\code\tader\TestUtils20 with class loader sun.misc.Launcher$AppClassLoader@7852e922 
Loaded from file:/C:/Users/Lance/.gradle/caches/modules-2/files-2.1/org.apache.derby/derby/10.11.1.1/df4b50061e8e4c348ce243b921f53ee63ba9bbe1/derby-10.11.1.1.jar
java.vendor=Oracle Corporation
java.runtime.version=1.8.0_45-b15
user.dir=C:\code\tader
os.name=Windows 7
os.arch=amd64
os.version=6.1
derby.system.home=null
Database Class Loader started - derby.database.classpath=''
----------------------------------------------------------------
Sat Sep 03 16:16:17 BST 2016:
Booting Derby version The Apache Software Foundation - Apache Derby - 10.11.1.1 - (1616546): instance a319c516-0156-f09f-06c9-00000a64dce0 
on database directory memory:C:\code\tader\TestUtils23 with class loader sun.misc.Launcher$AppClassLoader@7852e922 
Loaded from file:/C:/Users/Lance/.gradle/caches/modules-2/files-2.1/org.apache.derby/derby/10.11.1.1/df4b50061e8e4c348ce243b921f53ee63ba9bbe1/derby-10.11.1.1.jar
java.vendor=Oracle Corporation
java.runtime.version=1.8.0_45-b15
user.dir=C:\code\tader
os.name=Windows 7
os.arch=amd64
os.version=6.1
derby.system.home=null
Database Class Loader started - derby.database.classpath=''
----------------------------------------------------------------
Sat Sep 03 16:16:18 BST 2016:
Booting Derby version The Apache Software Foundation - Apache Derby - 10.11.1.1 - (1616546): instance 7fac85d5-0156-f09f-06c9-00000a64dce0 
on database directory memory:C:\code\tader\TestUtils26 with class loader sun.misc.Launcher$AppClassLoader@7852e922 
Loaded from file:/C:/Users/Lance/.gradle/caches/modules-2/files-2.1/org.apache.derby/derby/10.11.1.1/df4b50061e8e4c348ce243b921f53ee63ba9bbe1/derby-10.11.1.1.jar
java.vendor=Oracle Corporation
java.runtime.version=1.8.0_45-b15
user.dir=C:\code\tader
os.name=Windows 7
os.arch=amd64
os.version=6.1
derby.system.home=null
Database Class Loader started - derby.database.classpath=''
----------------------------------------------------------------
Sat Sep 03 16:16:18 BST 2016:
Booting Derby version The Apache Software Foundation - Apache Derby - 10.11.1.1 - (1616546): instance 36b5869d-0156-f09f-06c9-00000a64dce0 
on database directory memory:C:\code\tader\TestUtils29 with class loader sun.misc.Launcher$AppClassLoader@7852e922 
Loaded from file:/C:/Users/Lance/.gradle/caches/modules-2/files-2.1/org.apache.derby/derby/10.11.1.1/df4b50061e8e4c348ce243b921f53ee63ba9bbe1/derby-10.11.1.1.jar
java.vendor=Oracle Corporation
java.runtime.version=1.8.0_45-b15
user.dir=C:\code\tader
os.name=Windows 7
os.arch=amd64
os.version=6.1
derby.system.home=null
Database Class Loader started - derby.database.classpath=''
----------------------------------------------------------------
Sat Sep 03 16:16:19 BST 2016:
Booting Derby version The Apache Software Foundation - Apache Derby - 10.11.1.1 - (1616546): instance b8814767-0156-f09f-06c9-00000a64dce0 
on database directory memory:C:\code\tader\TestUtils32 with class loader sun.misc.Launcher$AppClassLoader@7852e922 
Loaded from file:/C:/Users/Lance/.gradle/caches/modules-2/files-2.1/org.apache.derby/derby/10.11.1.1/df4b50061e8e4c348ce243b921f53ee63ba9bbe1/derby-10.11.1.1.jar
java.vendor=Oracle Corporation
java.runtime.version=1.8.0_45-b15
user.dir=C:\code\tader
os.name=Windows 7
os.arch=amd64
os.version=6.1
derby.system.home=null
Database Class Loader started - derby.database.classpath=''
