----------------------------------------------------------------
Sat May 16 08:55:12 BST 2015:
Booting Derby version The Apache Software Foundation - Apache Derby - 10.11.1.1 - (1616546): instance a816c00e-014d-5bb8-3e80-000004bdc2a8 
on database directory memory:/home/lance/code/grater/grater-core/TestUtils2 with class loader sun.misc.Launcher$AppClassLoader@7d6b5518 
Loaded from file:/home/lance/.m2/repository/org/apache/derby/derby/10.11.1.1/derby-10.11.1.1.jar
java.vendor=Oracle Corporation
java.runtime.version=1.7.0_75-b13
user.dir=/home/lance/code/grater/grater-core
os.name=Linux
os.arch=amd64
os.version=3.16.0-28-generic
derby.system.home=null
Database Class Loader started - derby.database.classpath=''
----------------------------------------------------------------
Sat May 16 08:55:14 BST 2015:
Booting Derby version The Apache Software Foundation - Apache Derby - 10.11.1.1 - (1616546): instance d8cd40ba-014d-5bb8-3e80-000004bdc2a8 
on database directory memory:/home/lance/code/grater/grater-core/TestUtils5 with class loader sun.misc.Launcher$AppClassLoader@7d6b5518 
Loaded from file:/home/lance/.m2/repository/org/apache/derby/derby/10.11.1.1/derby-10.11.1.1.jar
java.vendor=Oracle Corporation
java.runtime.version=1.7.0_75-b13
user.dir=/home/lance/code/grater/grater-core
os.name=Linux
os.arch=amd64
os.version=3.16.0-28-generic
derby.system.home=null
Database Class Loader started - derby.database.classpath=''
